20120629032744.769000 javanc[0] ncui.notice Setting log level to 5
20120630042044.380000 javanc[0] ncui.notice Setting log level to 5
20120630042058.733000 javanc[0] ncui.notice Setting log level to 5
20120630042121.131000 javanc[0] ncui.notice Setting log level to 5
20120630042137.432000 javanc[0] ncui.notice Setting log level to 5
20120630042407.524000 javanc[0] ncui.notice Setting log level to 5
20120630042513.397000 javanc[0] ncui.notice Setting log level to 5
20120630052416.442000 javanc[0] ncui.notice Setting log level to 5
20120630053329.957000 javanc[0] ncui.notice Return value is 0
20120630053502.993000 javanc[0] ncui.notice Setting log level to 3
20120630053503.246000 javanc[0] ncui.notice Return value is -301
20120630053624.605000 javanc[0] ncui.notice Setting log level to 3
20120630073523.103000 javanc[0] ncui.notice Setting log level to 3
20120630073525.899000 javanc[0] ncui.notice Return value is -202
20120630073530.531000 javanc[0] ncui.notice Exit Flag is true. Signout not possible
20120630073535.105000 javanc[0] ncui.notice Exit Flag is true. Signout not possible
20120630073535.834000 javanc[0] ncui.notice Exit Flag is true. Signout not possible
20120630073536.09000 javanc[0] ncui.notice Exit Flag is true. Signout not possible
20120630073536.183000 javanc[0] ncui.notice Exit Flag is true. Signout not possible
20120630073553.211000 javanc[0] ncui.notice Setting log level to 3
20120630192841.06000 javanc[0] ncui.notice Setting log level to 3
20120701193928.845000 javanc[0] ncui.notice Setting log level to 3
20120703050705.462000 javanc[0] ncui.notice Setting log level to 3
20120703050705.817000 javanc[0] ncui.notice Return value is -301
20120703050723.95000 javanc[0] ncui.notice Setting log level to 3
20120703050723.399000 javanc[0] ncui.notice Return value is -301
20120703050745.474000 javanc[0] ncui.notice Setting log level to 3
20120703050745.751000 javanc[0] ncui.notice Return value is -301
20120703050841.284000 javanc[0] ncui.notice Setting log level to 3
20120703050841.571000 javanc[0] ncui.notice Return value is -301
20120703050908.736000 javanc[0] ncui.notice Exit Flag is true. Signout not possible
20120703051102.851000 javanc[0] ncui.notice Exit Flag is true. Signout not possible
20120703051118.603000 javanc[0] ncui.notice Setting log level to 5
20120704210555.319000 javanc[0] ncui.notice Setting log level to 3
20120704210555.632000 javanc[0] ncui.notice Return value is -301
20120704211140.691000 javanc[0] ncui.notice Setting log level to 5
20120705051909.98000 javanc[0] ncui.notice Setting log level to 5
20120706053408.708000 javanc[0] ncui.notice Setting log level to 5
20120707044722.527000 javanc[0] ncui.notice Setting log level to 5
20120707050455.253000 javanc[0] ncui.notice Return value is 0
20120723053912.269000 javanc[0] ncui.notice Setting log level to 5
20120725043140.307000 javanc[0] ncui.notice Setting log level to 5
20120801061011.817000 javanc[0] ncui.notice Setting log level to 5
20120801061241.561000 javanc[0] ncui.notice Return value is 0
20120802034743.821000 javanc[0] ncui.notice Setting log level to 5
20120803042757.315000 javanc[0] ncui.notice Setting log level to 5
20120803042927.872000 javanc[0] ncui.notice Setting log level to 5
20120803042947.449000 javanc[0] ncui.notice Setting log level to 5
20120803042952.834000 javanc[0] ncui.notice Setting log level to 5
20120803043041.12000 javanc[0] ncui.notice Setting log level to 5
20120804040643.823000 javanc[0] ncui.notice Setting log level to 5
20120804190734.996000 javanc[0] ncui.notice Setting log level to 5
20120804190824.721000 javanc[0] ncui.notice Setting log level to 5
20120809032919.652000 javanc[0] ncui.notice Setting log level to 5
20120810050846.03000 javanc[0] ncui.notice Setting log level to 5
20120813050025.656000 javanc[0] ncui.notice Setting log level to 5
20120815052119.307000 javanc[0] ncui.notice Setting log level to 5
20120816040607.269000 javanc[0] ncui.notice Setting log level to 5
20120821033708.147000 javanc[0] ncui.notice Setting log level to 5
20120821033722.829000 javanc[0] ncui.notice Setting log level to 5
20120821033740.510000 javanc[0] ncui.notice Setting log level to 5
20120821033824.127000 javanc[0] ncui.notice Setting log level to 5
20120822032207.967000 javanc[0] ncui.notice Setting log level to 5
20120822032219.601000 javanc[0] ncui.notice Setting log level to 5
20120822033015.673000 javanc[0] ncui.notice Setting log level to 5
20120823054430.364000 javanc[0] ncui.notice Setting log level to 5
20120824040536.165000 javanc[0] ncui.notice Setting log level to 5
20120825190053.53000 javanc[0] ncui.notice Setting log level to 5
20120825200904.917000 javanc[0] ncui.notice Setting log level to 5
20120826200349.865000 javanc[0] ncui.notice Setting log level to 5
20120828044449.594000 javanc[0] ncui.notice Setting log level to 5
20120829042210.393000 javanc[0] ncui.notice Setting log level to 5
20120829053752.73000 javanc[0] ncui.notice Setting log level to 5
20120830023655.682000 javanc[0] ncui.notice Setting log level to 5
20120831035605.418000 javanc[0] ncui.notice Setting log level to 5
20120903033304.683000 javanc[0] ncui.notice Setting log level to 5
20120903230845.454000 javanc[0] ncui.notice Setting log level to 5
20120905042026.264000 javanc[0] ncui.notice Setting log level to 5
20120906055502.727000 javanc[0] ncui.notice Setting log level to 5
20120907041817.305000 javanc[0] ncui.notice Setting log level to 5
20120909012956.863000 javanc[0] ncui.notice Setting log level to 5
20120910004539.552000 javanc[0] ncui.notice Setting log level to 5
20120911031959.488000 javanc[0] ncui.notice Setting log level to 5
20120912025802.298000 javanc[0] ncui.notice Setting log level to 5
20120913034524.120000 javanc[0] ncui.notice Setting log level to 5
20120913051921.582000 javanc[0] ncui.notice Setting log level to 5
20120914045724.238000 javanc[0] ncui.notice Setting log level to 3
20120914045724.616000 javanc[0] ncui.notice Return value is -301
20120914045734.507000 javanc[0] ncui.notice Exit Flag is true. Signout not possible
20120914045815.463000 javanc[0] ncui.notice Exit Flag is true. Signout not possible
20120914045816.987000 javanc[0] ncui.notice Exit Flag is true. Signout not possible
20120914045834.678000 javanc[0] ncui.notice Setting log level to 5
20120915184533.167000 javanc[0] ncui.notice Setting log level to 5
20120916235635.196000 javanc[0] ncui.notice Setting log level to 5
20120918040133.114000 javanc[0] ncui.notice Setting log level to 3
20120918040133.343000 javanc[0] ncui.notice Return value is -301
20120918040307.257000 javanc[0] ncui.notice Setting log level to 5
20120919040700.33000 javanc[0] ncui.notice Setting log level to 5
20120920052309.139000 javanc[0] ncui.notice Setting log level to 5
20120921044926.785000 javanc[0] ncui.notice Setting log level to 5
20120925044609.364000 javanc[0] ncui.notice Setting log level to 5
20120926041810.852000 javanc[0] ncui.notice Setting log level to 5
20120927043614.778000 javanc[0] ncui.notice Setting log level to 5
20121003044607.111000 javanc[0] ncui.notice Setting log level to 5
20121005035917.968000 javanc[0] ncui.notice Setting log level to 5
20121005052347.860000 javanc[0] ncui.notice Setting log level to 5
20121006041754.602000 javanc[0] ncui.notice Setting log level to 5
20121006174003.532000 javanc[0] ncui.notice Setting log level to 5
20121007191910.996000 javanc[0] ncui.notice Setting log level to 5
20121009030837.147000 javanc[0] ncui.notice Setting log level to 5
20121010033749.474000 javanc[0] ncui.notice Setting log level to 5
20121011030030.396000 javanc[0] ncui.notice Setting log level to 5
20121011033007.865000 javanc[0] ncui.notice Return value is 0
20121011041620.95000 javanc[0] ncui.notice Setting log level to 3
20121011041650.03000 javanc[0] ncui.notice Return value is -301
20121011043738.996000 javanc[0] ncui.notice Setting log level to 5
20121012030932.958000 javanc[0] ncui.notice Setting log level to 5
20121014005907.185000 javanc[0] ncui.notice Setting log level to 5
20121016034130.82000 javanc[0] ncui.notice Setting log level to 5
20121017042325.931000 javanc[0] ncui.notice Setting log level to 5
20121018031659.963000 javanc[0] ncui.notice Setting log level to 5
20121019040414.371000 javanc[0] ncui.notice Setting log level to 5
20121020051059.975000 javanc[0] ncui.notice Setting log level to 5
20121020213214.700000 javanc[0] ncui.notice Setting log level to 5
20121023044802.725000 javanc[0] ncui.notice Setting log level to 5
20121024034911.116000 javanc[0] ncui.notice Setting log level to 5
20121025054016.109000 javanc[0] ncui.notice Setting log level to 5
20121028042913.646000 javanc[0] ncui.notice Setting log level to 5
20121028220206.04000 javanc[0] ncui.notice Setting log level to 5
20121028220323.669000 javanc[0] ncui.notice Setting log level to 5
20121030043512.708000 javanc[0] ncui.notice Setting log level to 5
20121031031002.496000 javanc[0] ncui.notice Setting log level to 5
20121101035920.325000 javanc[0] ncui.notice Setting log level to 5
20121102040725.333000 javanc[0] ncui.notice Setting log level to 5
20121103045441.399000 javanc[0] ncui.notice Setting log level to 5
20121103164154.829000 javanc[0] ncui.notice Setting log level to 5
20121105053211.986000 javanc[0] ncui.notice Setting log level to 5
20121110051557.368000 javanc[0] ncui.notice Setting log level to 5
20121113050518.53000 javanc[0] ncui.notice Setting log level to 5
20121114051201.824000 javanc[0] ncui.notice Setting log level to 5
20121115050225.868000 javanc[0] ncui.notice Setting log level to 5
20121116044643.871000 javanc[0] ncui.notice Setting log level to 5
20121117080617.83000 javanc[0] ncui.notice Setting log level to 5
20121119044139.291000 javanc[0] ncui.notice Setting log level to 5
20121120081456.625000 javanc[0] ncui.notice Setting log level to 5
20121121063516.720000 javanc[0] ncui.notice Setting log level to 5
20121124015650.14000 javanc[0] ncui.notice Setting log level to 5
20121124204003.62000 javanc[0] ncui.notice Return value is 0
20121124204043.866000 javanc[0] ncui.notice Setting log level to 5
20121127051822.730000 javanc[0] ncui.notice Setting log level to 5
20121128065602.217000 javanc[0] ncui.notice Setting log level to 5
20121129055217.57000 javanc[0] ncui.notice Setting log level to 5
20121130083253.681000 javanc[0] ncui.notice Setting log level to 5
20121205043408.708000 javanc[0] ncui.notice Setting log level to 5
20121206040232.740000 javanc[0] ncui.notice Setting log level to 5
20121207042411.490000 javanc[0] ncui.notice Setting log level to 5
20121208034517.925000 javanc[0] ncui.notice Setting log level to 5
20121209074857.799000 javanc[0] ncui.notice Return value is 0
20121209074928.587000 javanc[0] ncui.notice Setting log level to 5
20121209202500.606000 javanc[0] ncui.notice Return value is 0
20121209202500.786000 javanc[0] ncui.notice Exit Flag is true. Signout not possible
20121209202537.147000 javanc[0] ncui.notice Setting log level to 5
20121210054006.272000 javanc[0] ncui.notice Return value is 0
20121210054026.93000 javanc[0] ncui.notice Setting log level to 5
20121210054035.792000 javanc[0] ncui.notice Setting log level to 5
20121210054047.860000 javanc[0] ncui.notice Setting log level to 5
20121210054151.588000 javanc[0] ncui.notice Setting log level to 5
20121211035220.989000 javanc[0] ncui.notice Setting log level to 5
20121212071225.682000 javanc[0] ncui.notice Setting log level to 5
20121216062905.805000 javanc[0] ncui.notice Setting log level to 5
20130103212318.691000 javanc[0] ncui.notice Setting log level to 5
20130108201323.565000 javanc[0] ncui.notice Setting log level to 5
20130108220322.893000 javanc[0] ncui.notice Return value is 0
20130108220415.269000 javanc[0] ncui.notice Setting log level to 5
20130109214838.743000 javanc[0] ncui.notice Return value is 0
20130109214907.791000 javanc[0] ncui.notice Setting log level to 5
20130110202632.906000 javanc[0] ncui.notice Return value is 0
20130110202731.64000 javanc[0] ncui.notice Setting log level to 5
20130110221518.519000 javanc[0] ncui.notice Return value is 0
20130110221609.576000 javanc[0] ncui.notice Setting log level to 5
20130111211208.907000 javanc[0] ncui.notice Return value is 0
20130111211303.226000 javanc[10142] ncui.notice Setting log level to 5
20130111212322.181000 javanc[10265] ncui.notice Setting log level to 5
20130111212803.140000 javanc[10424] ncui.notice Setting log level to 5
20130114212548.773000 javanc[10424] ncui.notice Return value is 0
20130114212652.523000 javanc[12691] ncui.notice Setting log level to 5
20130115215009.14000 javanc[0] ncui.notice Setting log level to 5
20130126144257.295000 javanc[28683] ncui.notice Setting log level to 5
20130129204957.178000 javanc[0] ncui.notice Setting log level to 5
20130130205642.309000 javanc[0] ncui.notice Setting log level to 5
20130130205841.949000 javanc[0] ncui.notice Setting log level to 5
20130130212313.388000 javanc[0] ncui.notice Setting log level to 5
20130203121308.339000 javanc[0] ncui.notice Setting log level to 5
20130203201755.651000 javanc[0] ncui.notice Return value is 0
20130204203408.93000 javanc[0] ncui.notice Setting log level to 5
20130205205534.528000 javanc[0] ncui.notice Setting log level to 5
20130211211842.384000 javanc[0] ncui.notice Setting log level to 5
20130213111026.791000 javanc[0] ncui.notice Return value is 0
20130213200804.101000 javanc[0] ncui.notice Setting log level to 5
20130219212559.891000 javanc[0] ncui.notice Setting log level to 5
20130224170323.946000 javanc[0] ncui.notice Setting log level to 5
20130225204739.221000 javanc[0] ncui.notice Setting log level to 5
20130226201812.304000 javanc[0] ncui.notice Setting log level to 5
20130226225714.828000 javanc[0] ncui.notice Return value is 0
20130301204929.355000 javanc[25390] ncui.notice Setting log level to 5
20130303110940.194000 javanc[25390] ncui.notice Return value is 0
20130303111035.786000 javanc[26853] ncui.notice Setting log level to 5
20130303220745.619000 javanc[26853] ncui.notice Return value is 0
20130304213511.607000 javanc[0] ncui.notice Setting log level to 5
20130305213813.440000 javanc[0] ncui.notice Return value is 0
20130305213840.95000 javanc[23994] ncui.notice Setting log level to 5
20130306210434.885000 javanc[23994] ncui.notice Return value is 0
20130306210454.22000 javanc[24836] ncui.notice Setting log level to 5
20130307230533.765000 javanc[0] ncui.notice Setting log level to 5
20130309211645.900000 javanc[0] ncui.notice Setting log level to 5
20130311072629.479000 javanc[0] ncui.notice Return value is 0
20130311072700.773000 javanc[0] ncui.notice Setting log level to 5
20130311214244.03000 javanc[0] ncui.notice Return value is 0
20130311214539.381000 javanc[0] ncui.notice Setting log level to 5
20130311215814.906000 javanc[0] ncui.notice Setting log level to 5
20130312215558.485000 javanc[0] ncui.notice Return value is 0
20130312220239.109000 javanc[0] ncui.notice Setting log level to 5
20130313203644.732000 javanc[0] ncui.notice Setting log level to 5
20130314084039.797000 javanc[0] ncui.notice Return value is 0
20130314084127.515000 javanc[0] ncui.notice Setting log level to 5
20130314084515.368000 javanc[0] ncui.notice Return value is 0
20130314220118.610000 javanc[0] ncui.notice Setting log level to 5
20130316210444.176000 javanc[0] ncui.notice Return value is 0
20130316210559.04000 javanc[0] ncui.notice Setting log level to 5
20130317142750.231000 javanc[0] ncui.notice Return value is 0
20130317142825.329000 javanc[0] ncui.notice Setting log level to 5
20130318203349.736000 javanc[0] ncui.notice Return value is 0
20130318203355.667000 javanc[0] ncui.notice Setting log level to 5
20130319201704.460000 javanc[0] ncui.notice Return value is 0
20130319201729.235000 javanc[0] ncui.notice Setting log level to 5
20130320202012.329000 javanc[0] ncui.notice Return value is 0
20130320202053.501000 javanc[0] ncui.notice Setting log level to 5
20130321084514.491000 javanc[0] ncui.notice Return value is 0
20130321203233.143000 javanc[0] ncui.notice Setting log level to 5
20130322001415.305000 javanc[0] ncui.notice Return value is 0
20130322001517.21000 javanc[0] ncui.notice Setting log level to 5
20130322211428.805000 javanc[0] ncui.notice Return value is 0
20130322211648.313000 javanc[0] ncui.notice Setting log level to 5
20130323104829.642000 javanc[0] ncui.notice Return value is 0
20130323104921.219000 javanc[0] ncui.notice Setting log level to 5
20130325201814.799000 javanc[0] ncui.notice Return value is 0
20130325204004.569000 javanc[10321] ncui.notice Setting log level to 5
20130326232731.249000 javanc[10321] ncui.notice Return value is 0
20130326232803.540000 javanc[11194] ncui.notice Setting log level to 5
20130328011115.284000 javanc[11194] ncui.notice Return value is 0
20130328191637.100000 javanc[12834] ncui.notice Setting log level to 5
20130329203235.48000 javanc[12834] ncui.notice Return value is 0
20130329203235.525000 javanc[12834] ncui.notice Exit Flag is true. Signout not possible
20130329203405.51000 javanc[13692] ncui.notice Setting log level to 5
20130329213853.995000 javanc[0] ncui.notice Setting log level to 5
20130330133225.275000 javanc[0] ncui.notice Return value is 0
20130330133300.154000 javanc[0] ncui.notice Setting log level to 5
20130330223236.79000 javanc[0] ncui.notice Return value is 0
20130330223306.32000 javanc[0] ncui.notice Setting log level to 5
20130401195509.936000 javanc[0] ncui.notice Return value is 0
20130401200910.862000 javanc[0] ncui.notice Setting log level to 5
20130401232209.509000 javanc[0] ncui.notice Return value is 0
20130401232242.305000 javanc[0] ncui.notice Setting log level to 5
20130402201249.158000 javanc[0] ncui.notice Return value is 0
20130402201331.971000 javanc[0] ncui.notice Setting log level to 5
20130403001858.497000 javanc[0] ncui.notice Return value is 0
20130403001923.744000 javanc[0] ncui.notice Setting log level to 5
20130403201429.59000 javanc[0] ncui.notice Setting log level to 5
20130404210241.894000 javanc[0] ncui.notice Return value is 0
20130404210314.664000 javanc[0] ncui.notice Setting log level to 5
20130405201812.106000 javanc[0] ncui.notice Return value is 0
20130405201855.797000 javanc[0] ncui.notice Setting log level to 5
20130408010500.251000 javanc[0] ncui.notice Return value is 0
20130408010550.301000 javanc[0] ncui.notice Setting log level to 5
20130408205336.82000 javanc[0] ncui.notice Return value is 0
20130408205434.804000 javanc[0] ncui.notice Setting log level to 5
20130408214439.500000 javanc[0] ncui.notice Return value is 0
20130408223046.21000 javanc[0] ncui.notice Setting log level to 5
20130408232829.414000 javanc[0] ncui.notice Return value is 0
20130408232928.149000 javanc[0] ncui.notice Setting log level to 5
20130409201119.947000 javanc[0] ncui.notice Return value is 0
20130409201750.296000 javanc[0] ncui.notice Setting log level to 5
20130410185922.796000 javanc[0] ncui.notice Return value is 0
20130410185922.979000 javanc[0] ncui.notice Exit Flag is true. Signout not possible
20130410190013.289000 javanc[0] ncui.notice Setting log level to 5
20130410223726.783000 javanc[0] ncui.notice Return value is 0
20130410223757.894000 javanc[0] ncui.notice Setting log level to 5
20130411193418.827000 javanc[0] ncui.notice Return value is 0
20130411193449.58000 javanc[0] ncui.notice Setting log level to 5
20130411211841.211000 javanc[0] ncui.notice Return value is 0
20130411211931.668000 javanc[0] ncui.notice Setting log level to 5
20130412233522.831000 javanc[0] ncui.notice Return value is 0
20130412233558.197000 javanc[10245] ncui.notice Setting log level to 5
20130413164136.790000 javanc[10245] ncui.notice Return value is 0
20130413164418.342000 javanc[10871] ncui.notice Setting log level to 5
20130413233924.747000 javanc[10871] ncui.notice Return value is 0
20130413234001.120000 javanc[11256] ncui.notice Setting log level to 5
20130414145535.541000 javanc[11256] ncui.notice Return value is 0
20130414145602.640000 javanc[11912] ncui.notice Setting log level to 5
20130415185434.183000 javanc[11912] ncui.notice Return value is 0
20130415185508.240000 javanc[12930] ncui.notice Setting log level to 5
20130415214415.461000 javanc[12930] ncui.notice Return value is 0
20130415214442.449000 javanc[13166] ncui.notice Setting log level to 5
20130416204746.615000 javanc[13166] ncui.notice Return value is 0
20130416204812.844000 javanc[13973] ncui.notice Setting log level to 5
20130417211431.687000 javanc[13973] ncui.notice Return value is 0
20130417211544.804000 javanc[14960] ncui.notice Setting log level to 5
20130418194723.608000 javanc[14960] ncui.notice Return value is 0
20130418194756.598000 javanc[15924] ncui.notice Setting log level to 5
20130419202135.80000 javanc[15924] ncui.notice Return value is 0
20130419202212.874000 javanc[16786] ncui.notice Setting log level to 5
20130420210343.588000 javanc[16786] ncui.notice Return value is 0
20130420210419.725000 javanc[17705] ncui.notice Setting log level to 5
20130421094843.466000 javanc[17705] ncui.notice Return value is 0
20130421094906.786000 javanc[18274] ncui.notice Setting log level to 5
20130421203725.129000 javanc[18274] ncui.notice Return value is 0
20130421203816.648000 javanc[19106] ncui.notice Setting log level to 5
20130421203919.972000 javanc[19186] ncui.notice Setting log level to 5
20130421203935.688000 javanc[19257] ncui.notice Setting log level to 5
20130421204011.843000 javanc[19326] ncui.notice Setting log level to 5
20130421204104.244000 javanc[19477] ncui.notice Setting log level to 5
20130422173605.234000 javanc[19477] ncui.notice Return value is 0
20130422173721.503000 javanc[20595] ncui.notice Setting log level to 5
20130422215806.362000 javanc[20595] ncui.notice Return value is 0
20130422215852.348000 javanc[20954] ncui.notice Setting log level to 5
20130422225502.153000 javanc[0] ncui.notice Setting log level to 5
20130423205359.362000 javanc[0] ncui.notice Return value is 0
20130423205502.557000 javanc[0] ncui.notice Setting log level to 5
20130424200112.646000 javanc[0] ncui.notice Return value is 0
20130424200140.604000 javanc[0] ncui.notice Setting log level to 5
20130425000644.565000 javanc[0] ncui.notice Return value is 0
20130425000704.84000 javanc[0] ncui.notice Setting log level to 5
20130425195650.634000 javanc[0] ncui.notice Return value is 0
20130425195715.184000 javanc[0] ncui.notice Setting log level to 5
20130425235108.916000 javanc[0] ncui.notice Return value is 0
20130425235159.601000 javanc[0] ncui.notice Setting log level to 5
20130426234200.13000 javanc[0] ncui.notice Return value is 0
20130426234230.350000 javanc[0] ncui.notice Setting log level to 5
20130428222859.181000 javanc[0] ncui.notice Return value is 0
20130428222950.846000 javanc[0] ncui.notice Setting log level to 5
20130428223523.146000 javanc[0] ncui.notice Return value is 0
20130428223631.533000 javanc[0] ncui.notice Setting log level to 5
20130429000933.344000 javanc[0] ncui.notice Return value is 0
20130429001010.61000 javanc[0] ncui.notice Setting log level to 5
20130429202515.591000 javanc[0] ncui.notice Return value is 0
20130429202552.571000 javanc[0] ncui.notice Setting log level to 5
20130430000908.793000 javanc[0] ncui.notice Return value is 0
20130430000933.172000 javanc[0] ncui.notice Setting log level to 5
20130430150525.873000 javanc[0] ncui.notice Return value is 0
20130430215115.61000 javanc[10685] ncui.notice Setting log level to 5
20130430232104.657000 javanc[10685] ncui.notice Return value is 0
20130430232139.740000 javanc[10951] ncui.notice Setting log level to 5
20130501202721.685000 javanc[10951] ncui.notice Return value is 0
20130501202743.919000 javanc[11670] ncui.notice Setting log level to 5
20130501215452.209000 javanc[11670] ncui.notice Return value is 0
20130501215709.786000 javanc[11867] ncui.notice Setting log level to 5
20130502211610.12000 javanc[11867] ncui.notice Return value is 0
20130502211635.392000 javanc[12708] ncui.notice Setting log level to 5
20130503211057.39000 javanc[12708] ncui.notice Return value is 0
20130503211126.897000 javanc[13518] ncui.notice Setting log level to 5
20130506014011.988000 javanc[13518] ncui.notice Return value is 0
20130506193411.490000 javanc[15737] ncui.notice Setting log level to 5
20130510001007.447000 javanc[0] ncui.notice Setting log level to 5
20130510214044.97000 javanc[0] ncui.notice Return value is 0
20130510214106.918000 javanc[0] ncui.notice Setting log level to 5
20130512113827.716000 javanc[0] ncui.notice Setting log level to 5
20130512113834.997000 javanc[0] ncui.notice Setting log level to 5
20130512113917.525000 javanc[0] ncui.notice Setting log level to 5
20130512152104.576000 javanc[0] ncui.notice Return value is 0
20130512152131.220000 javanc[0] ncui.notice Setting log level to 5
20130512152243.936000 javanc[0] ncui.notice Setting log level to 5
20130512152300.774000 javanc[0] ncui.notice Setting log level to 5
20130512152312.234000 javanc[0] ncui.notice Setting log level to 5
20130512152331.931000 javanc[0] ncui.notice Setting log level to 5
20130512152341.815000 javanc[0] ncui.notice Setting log level to 5
20130512152408.428000 javanc[0] ncui.notice Setting log level to 3
20130512152408.639000 javanc[0] ncui.notice Return value is -301
20130512152521.96000 javanc[0] ncui.notice Setting log level to 5
20130513230645.543000 javanc[0] ncui.notice Return value is 0
20130513230711.191000 javanc[0] ncui.notice Setting log level to 5
20130513230813.582000 javanc[0] ncui.notice Setting log level to 5
20130516203222.880000 javanc[0] ncui.notice Return value is 0
20130516203316.291000 javanc[0] ncui.notice Setting log level to 5
20130517215353.413000 javanc[0] ncui.notice Return value is 0
20130517222751.966000 javanc[0] ncui.notice Setting log level to 5
20130519124924.940000 javanc[0] ncui.notice Setting log level to 5
20130519125218.339000 javanc[0] ncui.notice Setting log level to 5
20130519125309.668000 javanc[0] ncui.notice Setting log level to 5
20130520105614.533000 javanc[0] ncui.notice Return value is 0
20130520202703.511000 javanc[0] ncui.notice Setting log level to 5
20130521223159.778000 javanc[0] ncui.notice Return value is 0
20130521223224.670000 javanc[0] ncui.notice Setting log level to 5
20130610234746.246000 javanc[0] ncui.notice Setting log level to 5
20130611202027.989000 javanc[0] ncui.notice Return value is 0
20130621222201.262000 javanc[0] ncui.notice Setting log level to 3
20130621222201.443000 javanc[0] ncui.notice Return value is -301
20130621222222.785000 javanc[0] ncui.notice Exit Flag is true. Signout not possible
20130621222538.244000 javanc[0] ncui.notice Setting log level to 3
20130621222538.408000 javanc[0] ncui.notice Return value is -301
20130621222625.911000 javanc[0] ncui.notice Setting log level to 3
20130621222626.108000 javanc[0] ncui.notice Return value is -301
20140313205334.13000 javanc[0] ncui.notice Setting log level to 5
20140313205336.625000 javanc[0] ncui.notice Return value is 0
20140313205344.550000 javanc[0] ncui.notice Setting log level to 5
20140313205347.251000 javanc[0] ncui.notice Return value is 0
20140313205441.669000 javanc[0] ncui.notice Setting log level to 5
20140313205444.397000 javanc[0] ncui.notice Return value is 0
20140822192159.407000 javanc[0] ncui.notice Setting log level to 5
20140822192208.377000 javanc[0] ncui.notice Setting log level to 5
20140822192233.642000 javanc[0] ncui.notice Setting log level to 5
20140822192240.597000 javanc[0] ncui.notice Setting log level to 5
20140822200828.439000 javanc[0] ncui.notice Setting log level to 5
20140822201024.138000 javanc[0] ncui.notice Setting log level to 5
20140822201038.939000 javanc[0] ncui.notice Setting log level to 5
20140822201206.566000 javanc[0] ncui.notice Setting log level to 5
20140822201213.644000 javanc[0] ncui.notice Setting log level to 5
20140822202531.502000 javanc[0] ncui.notice Setting log level to 5
20140822202722.203000 javanc[0] ncui.notice Setting log level to 5
20140822202953.899000 javanc[0] ncui.notice Setting log level to 5
20140822203006.338000 javanc[0] ncui.notice Setting log level to 5
20140822203018.886000 javanc[0] ncui.notice Setting log level to 5
20140822203121.658000 javanc[0] ncui.notice Setting log level to 5
20140822203157.344000 javanc[0] ncui.notice Setting log level to 5
20140822203218.335000 javanc[0] ncui.notice Setting log level to 5
20140822203656.907000 javanc[0] ncui.notice Setting log level to 5
20140822203703.558000 javanc[0] ncui.notice Setting log level to 5
20140822203709.784000 javanc[0] ncui.notice Setting log level to 5
20140822203718.360000 javanc[0] ncui.notice Setting log level to 5
20140822203728.898000 javanc[0] ncui.notice Setting log level to 5
20140822203741.204000 javanc[0] ncui.notice Setting log level to 5
20140822203750.38000 javanc[0] ncui.notice Setting log level to 5
20140822211312.42000 javanc[0] ncui.notice Setting log level to 5
20140822211321.712000 javanc[0] ncui.notice Setting log level to 5
20141110202611.248000 javanc[0] ncui.notice Setting log level to 5
20141110202620.281000 javanc[0] ncui.notice Setting log level to 5
20141110202651.546000 javanc[0] ncui.notice Setting log level to 5
20141110202703.673000 javanc[0] ncui.notice Setting log level to 5
20141111213624.70000 javanc[0] ncui.notice Setting log level to 5
20141111214105.906000 javanc[0] ncui.notice Setting log level to 3
20141111214105.933000 javanc[0] ncui.notice Invalid parameters in run.
20141112201135.703000 javanc[0] ncui.notice Setting log level to 5
